<?xml version="1.0" encoding="UTF-8"?>
<!-- Generated by org.testng.reporters.JUnitReportReporter -->
<testsuite hostname="LAPTOP-FJVUST8L" failures="0" tests="4" name="com.test.Ecommerce" time="297.507" errors="0" timestamp="2022-10-11T16:31:53 IST" skipped="0">
  <testcase classname="com.test.Ecommerce" name="LaunchChrome" time="2.183"/>
  <system-out/>
  <testcase classname="com.test.Ecommerce" name="chromeTest" time="188.565"/>
  <system-out/>
  <testcase classname="com.test.Ecommerce" name="firefoxTest" time="100.756"/>
  <system-out/>
  <testcase classname="com.test.Ecommerce" name="LaunchFirefox" time="6.003"/>
  <system-out/>
</testsuite> <!-- com.test.Ecommerce -->
